<?xml version='1.0' encoding='UTF-8'?>
<!DOCTYPE coverage SYSTEM 'http://cobertura.sourceforge.net/xml/coverage-04.dtd'>
<coverage line-rate="0.8596000860030101" function-rate="0.6570216049382716" branch-rate="0.7208055290753098" lines-covered="3998" lines-valid="4651" functions-covered="1703" functions-valid="2592" branches-covered="6049" branches-valid="8392" complexity="0.0" timestamp="1664419100" version="gcovr 5.2">
  <sources>
    <source>..</source>
  </sources>
  <packages>
    <package name="build.CMakeFiles.3.24.2.CompilerIdC" line-rate="0.0" function-rate="0.0" branch-rate="0.0" complexity="0.0">
      <classes>
        <class name="CMakeCCompilerId_c" filename="build/CMakeFiles/3.24.2/CompilerIdC/CMakeCCompilerId.c" line-rate="0.0" branch-rate="0.0" complexity="0.0">
          <methods/>
          <lines>
            <line number="814" hits="0" branch="false"/>
            <line number="815" hits="0" branch="false"/>
            <line number="816" hits="0" branch="false"/>
            <line number="817" hits="0" branch="false"/>
            <line number="819" hits="0" branch="false"/>
            <line number="833" hits="0" branch="false"/>
            <line number="834" hits="0" branch="false"/>
            <line number="836" hits="0" branch="false"/>
          </lines>
        </class>
      </classes>
    </package>
    <package name="src" line-rate="0.8787878787878788" function-rate="0.6666666666666666" branch-rate="0.8155339805825242" complexity="0.0">
      <classes>
        <class name="dtypes_h" filename="src/dtypes.h" line-rate="1.0" branch-rate="0.0" complexity="0.0">
          <methods/>
          <lines>
            <line number="78" hits="1558" branch="false"/>
          </lines>
        </class>
        <class name="lython_inspector_cpp" filename="src/lython_inspector.cpp" line-rate="0.8778625954198473" branch-rate="0.8155339805825242" complexity="0.0">
          <methods/>
          <lines>
            <line number="23" hits="0" branch="false"/>
            <line number="25" hits="0" branch="true" condition-coverage="0% (0/2)">
              <conditions>
                <condition number="0" type="jump" coverage="0%"/>
              </conditions>
            </line>
            <line number="26" hits="0" branch="true" condition-coverage="0% (0/2)">
              <conditions>
                <condition number="0" type="jump" coverage="0%"/>
              </conditions>
            </line>
            <line number="27" hits="0" branch="false"/>
            <line number="28" hits="0" branch="false"/>
            <line number="32" hits="0" branch="false"/>
            <line number="36" hits="1" branch="false"/>
            <line number="38" hits="2" branch="true" condition-coverage="83% (5/6)">
              <conditions>
                <condition number="0" type="jump" coverage="83%"/>
              </conditions>
            </line>
            <line number="39" hits="1" branch="false"/>
            <line number="42" hits="2" branch="true" condition-coverage="100% (1/1)">
              <conditions>
                <condition number="0" type="jump" coverage="100%"/>
              </conditions>
            </line>
            <line number="61" hits="1" branch="false"/>
            <line number="63" hits="3" branch="true" condition-coverage="100% (2/2)">
              <conditions>
                <condition number="0" type="jump" coverage="100%"/>
              </conditions>
            </line>
            <line number="64" hits="1" branch="true" condition-coverage="100% (1/1)">
              <conditions>
                <condition number="0" type="jump" coverage="100%"/>
              </conditions>
            </line>
            <line number="65" hits="1" branch="true" condition-coverage="100% (1/1)">
              <conditions>
                <condition number="0" type="jump" coverage="100%"/>
              </conditions>
            </line>
            <line number="67" hits="1" branch="true" condition-coverage="100% (1/1)">
              <conditions>
                <condition number="0" type="jump" coverage="100%"/>
              </conditions>
            </line>
            <line number="68" hits="1" branch="true" condition-coverage="50% (1/2)">
              <conditions>
                <condition number="0" type="jump" coverage="50%"/>
              </conditions>
            </line>
            <line number="69" hits="1" branch="true" condition-coverage="100% (1/1)">
              <conditions>
                <condition number="0" type="jump" coverage="100%"/>
              </conditions>
            </line>
            <line number="72" hits="1" branch="false"/>
            <line number="75" hits="1" branch="false"/>
            <line number="84" hits="1" branch="true" condition-coverage="100% (1/1)">
              <conditions>
                <condition number="0" type="jump" coverage="100%"/>
              </conditions>
            </line>
            <line number="87" hits="1" branch="true" condition-coverage="100% (1/1)">
              <conditions>
                <condition number="0" type="jump" coverage="100%"/>
              </conditions>
            </line>
            <line number="88" hits="1" branch="true" condition-coverage="100% (1/1)">
              <conditions>
                <condition number="0" type="jump" coverage="100%"/>
              </conditions>
            </line>
            <line number="89" hits="1" branch="true" condition-coverage="100% (1/1)">
              <conditions>
                <condition number="0" type="jump" coverage="100%"/>
              </conditions>
            </line>
            <line number="90" hits="1" branch="true" condition-coverage="100% (1/1)">
              <conditions>
                <condition number="0" type="jump" coverage="100%"/>
              </conditions>
            </line>
            <line number="91" hits="1" branch="true" condition-coverage="100% (1/1)">
              <conditions>
                <condition number="0" type="jump" coverage="100%"/>
              </conditions>
            </line>
            <line number="94" hits="1" branch="true" condition-coverage="100% (1/1)">
              <conditions>
                <condition number="0" type="jump" coverage="100%"/>
              </conditions>
            </line>
            <line number="97" hits="1" branch="false"/>
            <line number="100" hits="0" branch="true" condition-coverage="0% (0/2)">
              <conditions>
                <condition number="0" type="jump" coverage="0%"/>
              </conditions>
            </line>
            <line number="101" hits="0" branch="true" condition-coverage="0% (0/2)">
              <conditions>
                <condition number="0" type="jump" coverage="0%"/>
              </conditions>
            </line>
            <line number="102" hits="0" branch="false"/>
            <line number="104" hits="0" branch="true" condition-coverage="0% (0/2)">
              <conditions>
                <condition number="0" type="jump" coverage="0%"/>
              </conditions>
            </line>
            <line number="105" hits="0" branch="true" condition-coverage="0% (0/2)">
              <conditions>
                <condition number="0" type="jump" coverage="0%"/>
              </conditions>
            </line>
            <line number="106" hits="0" branch="false"/>
            <line number="107" hits="1" branch="true" condition-coverage="100% (1/1)">
              <conditions>
                <condition number="0" type="jump" coverage="100%"/>
              </conditions>
            </line>
            <line number="110" hits="1" branch="true" condition-coverage="100% (5/5)">
              <conditions>
                <condition number="0" type="jump" coverage="100%"/>
              </conditions>
            </line>
            <line number="118" hits="1" branch="true" condition-coverage="100% (1/1)">
              <conditions>
                <condition number="0" type="jump" coverage="100%"/>
              </conditions>
            </line>
            <line number="120" hits="1" branch="false"/>
            <line number="121" hits="1" branch="true" condition-coverage="50% (1/2)">
              <conditions>
                <condition number="0" type="jump" coverage="50%"/>
              </conditions>
            </line>
            <line number="122" hits="1" branch="true" condition-coverage="100% (2/2)">
              <conditions>
                <condition number="0" type="jump" coverage="100%"/>
              </conditions>
            </line>
            <line number="124" hits="0" branch="true" condition-coverage="0% (0/2)">
              <conditions>
                <condition number="0" type="jump" coverage="0%"/>
              </conditions>
            </line>
            <line number="127" hits="1" branch="true" condition-coverage="50% (1/2)">
              <conditions>
                <condition number="0" type="jump" coverage="50%"/>
              </conditions>
            </line>
            <line number="128" hits="1" branch="true" condition-coverage="100% (3/3)">
              <conditions>
                <condition number="0" type="jump" coverage="100%"/>
              </conditions>
            </line>
            <line number="129" hits="1" branch="true" condition-coverage="100% (1/1)">
              <conditions>
                <condition number="0" type="jump" coverage="100%"/>
              </conditions>
            </line>
            <line number="131" hits="1" branch="true" condition-coverage="100% (1/1)">
              <conditions>
                <condition number="0" type="jump" coverage="100%"/>
              </conditions>
            </line>
            <line number="132" hits="1" branch="true" condition-coverage="100% (1/1)">
              <conditions>
                <condition number="0" type="jump" coverage="100%"/>
              </conditions>
            </line>
            <line number="133" hits="1" branch="true" condition-coverage="100% (1/1)">
              <conditions>
                <condition number="0" type="jump" coverage="100%"/>
              </conditions>
            </line>
            <line number="134" hits="1" branch="false"/>
            <line number="135" hits="1" branch="true" condition-coverage="100% (3/3)">
              <conditions>
                <condition number="0" type="jump" coverage="100%"/>
              </conditions>
            </line>
            <line number="138" hits="1" branch="true" condition-coverage="50% (1/2)">
              <conditions>
                <condition number="0" type="jump" coverage="50%"/>
              </conditions>
            </line>
            <line number="139" hits="1" branch="true" condition-coverage="100% (3/3)">
              <conditions>
                <condition number="0" type="jump" coverage="100%"/>
              </conditions>
            </line>
            <line number="140" hits="1" branch="true" condition-coverage="100% (1/1)">
              <conditions>
                <condition number="0" type="jump" coverage="100%"/>
              </conditions>
            </line>
            <line number="141" hits="1" branch="false"/>
            <line number="143" hits="1" branch="true" condition-coverage="100% (1/1)">
              <conditions>
                <condition number="0" type="jump" coverage="100%"/>
              </conditions>
            </line>
            <line number="144" hits="1" branch="true" condition-coverage="100% (1/1)">
              <conditions>
                <condition number="0" type="jump" coverage="100%"/>
              </conditions>
            </line>
            <line number="145" hits="1" branch="true" condition-coverage="100% (1/1)">
              <conditions>
                <condition number="0" type="jump" coverage="100%"/>
              </conditions>
            </line>
            <line number="146" hits="1" branch="true" condition-coverage="100% (1/1)">
              <conditions>
                <condition number="0" type="jump" coverage="100%"/>
              </conditions>
            </line>
            <line number="147" hits="1" branch="true" condition-coverage="100% (1/1)">
              <conditions>
                <condition number="0" type="jump" coverage="100%"/>
              </conditions>
            </line>
            <line number="148" hits="1" branch="false"/>
            <line number="150" hits="1" branch="true" condition-coverage="100% (3/3)">
              <conditions>
                <condition number="0" type="jump" coverage="100%"/>
              </conditions>
            </line>
            <line number="151" hits="1" branch="true" condition-coverage="100% (3/3)">
              <conditions>
                <condition number="0" type="jump" coverage="100%"/>
              </conditions>
            </line>
            <line number="152" hits="1" branch="true" condition-coverage="100% (3/3)">
              <conditions>
                <condition number="0" type="jump" coverage="100%"/>
              </conditions>
            </line>
            <line number="153" hits="1" branch="false"/>
            <line number="155" hits="1" branch="false"/>
            <line number="159" hits="1" branch="true" condition-coverage="100% (1/1)">
              <conditions>
                <condition number="0" type="jump" coverage="100%"/>
              </conditions>
            </line>
            <line number="160" hits="1" branch="true" condition-coverage="100% (1/1)">
              <conditions>
                <condition number="0" type="jump" coverage="100%"/>
              </conditions>
            </line>
            <line number="165" hits="1" branch="true" condition-coverage="100% (3/3)">
              <conditions>
                <condition number="0" type="jump" coverage="100%"/>
              </conditions>
            </line>
            <line number="166" hits="1" branch="true" condition-coverage="100% (1/1)">
              <conditions>
                <condition number="0" type="jump" coverage="100%"/>
              </conditions>
            </line>
            <line number="167" hits="1" branch="true" condition-coverage="100% (3/3)">
              <conditions>
                <condition number="0" type="jump" coverage="100%"/>
              </conditions>
            </line>
            <line number="168" hits="1" branch="true" condition-coverage="100% (1/1)">
              <conditions>
                <condition number="0" type="jump" coverage="100%"/>
              </conditions>
            </line>
            <line number="174" hits="1" branch="true" condition-coverage="100% (3/3)">
              <conditions>
                <condition number="0" type="jump" coverage="100%"/>
              </conditions>
            </line>
            <line number="175" hits="1" branch="true" condition-coverage="100% (1/1)">
              <conditions>
                <condition number="0" type="jump" coverage="100%"/>
              </conditions>
            </line>
            <line number="176" hits="1" branch="true" condition-coverage="100% (3/3)">
              <conditions>
                <condition number="0" type="jump" coverage="100%"/>
              </conditions>
            </line>
            <line number="177" hits="1" branch="true" condition-coverage="50% (1/2)">
              <conditions>
                <condition number="0" type="jump" coverage="50%"/>
              </conditions>
            </line>
            <line number="178" hits="0" branch="true" condition-coverage="0% (0/2)">
              <conditions>
                <condition number="0" type="jump" coverage="0%"/>
              </conditions>
            </line>
            <line number="180" hits="1" branch="true" condition-coverage="100% (3/3)">
              <conditions>
                <condition number="0" type="jump" coverage="100%"/>
              </conditions>
            </line>
            <line number="186" hits="1" branch="true" condition-coverage="100% (1/1)">
              <conditions>
                <condition number="0" type="jump" coverage="100%"/>
              </conditions>
            </line>
            <line number="187" hits="3" branch="true" condition-coverage="100% (2/2)">
              <conditions>
                <condition number="0" type="jump" coverage="100%"/>
              </conditions>
            </line>
            <line number="188" hits="2" branch="true" condition-coverage="100% (2/2)">
              <conditions>
                <condition number="0" type="jump" coverage="100%"/>
              </conditions>
            </line>
            <line number="189" hits="2" branch="true" condition-coverage="100% (1/1)">
              <conditions>
                <condition number="0" type="jump" coverage="100%"/>
              </conditions>
            </line>
            <line number="191" hits="1" branch="true" condition-coverage="100% (3/3)">
              <conditions>
                <condition number="0" type="jump" coverage="100%"/>
              </conditions>
            </line>
            <line number="192" hits="1" branch="true" condition-coverage="100% (1/1)">
              <conditions>
                <condition number="0" type="jump" coverage="100%"/>
              </conditions>
            </line>
            <line number="193" hits="1" branch="true" condition-coverage="100% (3/3)">
              <conditions>
                <condition number="0" type="jump" coverage="100%"/>
              </conditions>
            </line>
            <line number="194" hits="1" branch="true" condition-coverage="100% (2/2)">
              <conditions>
                <condition number="0" type="jump" coverage="100%"/>
              </conditions>
            </line>
            <line number="195" hits="1" branch="true" condition-coverage="100% (3/3)">
              <conditions>
                <condition number="0" type="jump" coverage="100%"/>
              </conditions>
            </line>
            <line number="196" hits="1" branch="false"/>
            <line number="201" hits="1" branch="true" condition-coverage="100% (1/1)">
              <conditions>
                <condition number="0" type="jump" coverage="100%"/>
              </conditions>
            </line>
            <line number="203" hits="1" branch="true" condition-coverage="100% (3/3)">
              <conditions>
                <condition number="0" type="jump" coverage="100%"/>
              </conditions>
            </line>
            <line number="204" hits="1" branch="true" condition-coverage="100% (1/1)">
              <conditions>
                <condition number="0" type="jump" coverage="100%"/>
              </conditions>
            </line>
            <line number="205" hits="1" branch="true" condition-coverage="100% (3/3)">
              <conditions>
                <condition number="0" type="jump" coverage="100%"/>
              </conditions>
            </line>
            <line number="206" hits="1" branch="true" condition-coverage="100% (1/1)">
              <conditions>
                <condition number="0" type="jump" coverage="100%"/>
              </conditions>
            </line>
            <line number="207" hits="1" branch="true" condition-coverage="100% (3/3)">
              <conditions>
                <condition number="0" type="jump" coverage="100%"/>
              </conditions>
            </line>
            <line number="212" hits="1" branch="true" condition-coverage="100% (1/1)">
              <conditions>
                <condition number="0" type="jump" coverage="100%"/>
              </conditions>
            </line>
            <line number="213" hits="9" branch="true" condition-coverage="100% (2/2)">
              <conditions>
                <condition number="0" type="jump" coverage="100%"/>
              </conditions>
            </line>
            <line number="214" hits="8" branch="true" condition-coverage="100% (3/3)">
              <conditions>
                <condition number="0" type="jump" coverage="100%"/>
              </conditions>
            </line>
            <line number="217" hits="1" branch="true" condition-coverage="100% (3/3)">
              <conditions>
                <condition number="0" type="jump" coverage="100%"/>
              </conditions>
            </line>
            <line number="218" hits="1" branch="true" condition-coverage="100% (1/1)">
              <conditions>
                <condition number="0" type="jump" coverage="100%"/>
              </conditions>
            </line>
            <line number="219" hits="1" branch="true" condition-coverage="100% (3/3)">
              <conditions>
                <condition number="0" type="jump" coverage="100%"/>
              </conditions>
            </line>
            <line number="220" hits="1" branch="true" condition-coverage="100% (2/2)">
              <conditions>
                <condition number="0" type="jump" coverage="100%"/>
              </conditions>
            </line>
            <line number="221" hits="1" branch="true" condition-coverage="100% (3/3)">
              <conditions>
                <condition number="0" type="jump" coverage="100%"/>
              </conditions>
            </line>
            <line number="222" hits="1" branch="false"/>
            <line number="227" hits="1" branch="true" condition-coverage="100% (1/1)">
              <conditions>
                <condition number="0" type="jump" coverage="100%"/>
              </conditions>
            </line>
            <line number="228" hits="1" branch="true" condition-coverage="100% (1/1)">
              <conditions>
                <condition number="0" type="jump" coverage="100%"/>
              </conditions>
            </line>
            <line number="230" hits="1" branch="true" condition-coverage="100% (3/3)">
              <conditions>
                <condition number="0" type="jump" coverage="100%"/>
              </conditions>
            </line>
            <line number="231" hits="1" branch="true" condition-coverage="100% (1/1)">
              <conditions>
                <condition number="0" type="jump" coverage="100%"/>
              </conditions>
            </line>
            <line number="232" hits="1" branch="true" condition-coverage="100% (3/3)">
              <conditions>
                <condition number="0" type="jump" coverage="100%"/>
              </conditions>
            </line>
            <line number="233" hits="1" branch="true" condition-coverage="100% (2/2)">
              <conditions>
                <condition number="0" type="jump" coverage="100%"/>
              </conditions>
            </line>
            <line number="234" hits="1" branch="true" condition-coverage="100% (3/3)">
              <conditions>
                <condition number="0" type="jump" coverage="100%"/>
              </conditions>
            </line>
            <line number="235" hits="1" branch="false"/>
            <line number="236" hits="1" branch="false"/>
            <line number="238" hits="1" branch="true" condition-coverage="0% (0/2)">
              <conditions>
                <condition number="0" type="jump" coverage="0%"/>
              </conditions>
            </line>
            <line number="239" hits="0" branch="true" condition-coverage="0% (0/4)">
              <conditions>
                <condition number="0" type="jump" coverage="0%"/>
              </conditions>
            </line>
            <line number="240" hits="0" branch="true" condition-coverage="0% (0/6)">
              <conditions>
                <condition number="0" type="jump" coverage="0%"/>
              </conditions>
            </line>
            <line number="243" hits="1" branch="true" condition-coverage="50% (1/2)">
              <conditions>
                <condition number="0" type="jump" coverage="50%"/>
              </conditions>
            </line>
            <line number="244" hits="1" branch="true" condition-coverage="100% (3/3)">
              <conditions>
                <condition number="0" type="jump" coverage="100%"/>
              </conditions>
            </line>
            <line number="245" hits="1" branch="true" condition-coverage="100% (1/1)">
              <conditions>
                <condition number="0" type="jump" coverage="100%"/>
              </conditions>
            </line>
            <line number="246" hits="1" branch="true" condition-coverage="100% (3/3)">
              <conditions>
                <condition number="0" type="jump" coverage="100%"/>
              </conditions>
            </line>
            <line number="247" hits="1" branch="true" condition-coverage="100% (1/1)">
              <conditions>
                <condition number="0" type="jump" coverage="100%"/>
              </conditions>
            </line>
            <line number="248" hits="1" branch="true" condition-coverage="100% (1/1)">
              <conditions>
                <condition number="0" type="jump" coverage="100%"/>
              </conditions>
            </line>
            <line number="249" hits="1" branch="true" condition-coverage="100% (2/2)">
              <conditions>
                <condition number="0" type="jump" coverage="100%"/>
              </conditions>
            </line>
            <line number="250" hits="1" branch="true" condition-coverage="100% (3/3)">
              <conditions>
                <condition number="0" type="jump" coverage="100%"/>
              </conditions>
            </line>
            <line number="251" hits="1" branch="false"/>
            <line number="253" hits="1" branch="true" condition-coverage="50% (1/2)">
              <conditions>
                <condition number="0" type="jump" coverage="50%"/>
              </conditions>
            </line>
            <line number="254" hits="1" branch="false"/>
            <line number="256" hits="1" branch="true" condition-coverage="50% (1/2)">
              <conditions>
                <condition number="0" type="jump" coverage="50%"/>
              </conditions>
            </line>
            <line number="257" hits="1" branch="true" condition-coverage="100% (3/3)">
              <conditions>
                <condition number="0" type="jump" coverage="100%"/>
              </conditions>
            </line>
            <line number="258" hits="1" branch="true" condition-coverage="100% (1/1)">
              <conditions>
                <condition number="0" type="jump" coverage="100%"/>
              </conditions>
            </line>
            <line number="259" hits="1" branch="true" condition-coverage="100% (1/1)">
              <conditions>
                <condition number="0" type="jump" coverage="100%"/>
              </conditions>
            </line>
            <line number="262" hits="1" branch="true" condition-coverage="50% (1/2)">
              <conditions>
                <condition number="0" type="jump" coverage="50%"/>
              </conditions>
            </line>
            <line number="263" hits="1" branch="true" condition-coverage="100% (2/2)">
              <conditions>
                <condition number="0" type="jump" coverage="100%"/>
              </conditions>
            </line>
            <line number="265" hits="1" branch="false"/>
            <line number="266" hits="1" branch="false"/>
          </lines>
        </class>
      </classes>
    </package>
    <package name="src.ast" line-rate="0.8240740740740741" function-rate="0.6191489361702127" branch-rate="0.6481927710843374" complexity="0.0">
      <classes>
        <class name="constant_h" filename="src/ast/constant.h" line-rate="0.9090909090909091" branch-rate="0.4" complexity="0.0">
          <methods/>
          <lines>
            <line number="19" hits="3" branch="true" condition-coverage="42% (3/7)">
              <conditions>
                <condition number="0" type="jump" coverage="42%"/>
              </conditions>
            </line>
            <line number="20" hits="3" branch="false"/>
            <line number="83" hits="647" branch="false"/>
            <line number="84" hits="647" branch="false"/>
            <line number="88" hits="54" branch="true" condition-coverage="100% (2/2)">
              <conditions>
                <condition number="0" type="jump" coverage="100%"/>
              </conditions>
            </line>
            <line number="89" hits="1" branch="false"/>
            <line number="93" hits="53" branch="true" condition-coverage="33% (5/15)">
              <conditions>
                <condition number="0" type="jump" coverage="33%"/>
              </conditions>
            </line>
            <line number="99" hits="53" branch="false"/>
            <line number="106" hits="0" branch="false"/>
            <line number="158" hits="120" branch="true" condition-coverage="50% (1/2)">
              <conditions>
                <condition number="0" type="jump" coverage="50%"/>
              </conditions>
            </line>
            <line number="159" hits="120" branch="true" condition-coverage="50% (1/2)">
              <conditions>
                <condition number="0" type="jump" coverage="50%"/>
              </conditions>
            </line>
            <line number="161" hits="0" branch="false"/>
            <line number="163" hits="120" branch="false"/>
            <line number="164" hits="120" branch="false"/>
            <line number="179" hits="1870" branch="true" condition-coverage="40% (6/15)">
              <conditions>
                <condition number="0" type="jump" coverage="40%"/>
              </conditions>
            </line>
            <line number="184" hits="1870" branch="false"/>
            <line number="193" hits="773" branch="true" condition-coverage="50% (1/2)">
              <conditions>
                <condition number="0" type="jump" coverage="50%"/>
              </conditions>
            </line>
            <line number="194" hits="773" branch="false"/>
            <line number="197" hits="773" branch="true" condition-coverage="33% (5/15)">
              <conditions>
                <condition number="0" type="jump" coverage="33%"/>
              </conditions>
            </line>
            <line number="211" hits="773" branch="false"/>
            <line number="217" hits="773" branch="false"/>
            <line number="218" hits="773" branch="false"/>
          </lines>
        </class>
        <class name="magic_h" filename="src/ast/magic.h" line-rate="1.0" branch-rate="0.6" complexity="0.0">
          <methods/>
          <lines>
            <line number="11" hits="1363" branch="false"/>
            <line number="12" hits="1363" branch="false"/>
            <line number="16" hits="2" branch="false"/>
            <line number="17" hits="2" branch="false"/>
            <line number="21" hits="244" branch="false"/>
            <line number="22" hits="244" branch="false"/>
            <line number="31" hits="4308" branch="true" condition-coverage="50% (1/2)">
              <conditions>
                <condition number="0" type="jump" coverage="50%"/>
              </conditions>
            </line>
            <line number="32" hits="4308" branch="true" condition-coverage="50% (1/2)">
              <conditions>
                <condition number="0" type="jump" coverage="50%"/>
              </conditions>
            </line>
            <line number="33" hits="8616" branch="true" condition-coverage="50% (1/2)">
              <conditions>
                <condition number="0" type="jump" coverage="50%"/>
              </conditions>
            </line>
            <line number="34" hits="4308" branch="false"/>
            <line number="37" hits="41" branch="false"/>
            <line number="38" hits="555" branch="true" condition-coverage="100% (2/2)">
              <conditions>
                <condition number="0" type="jump" coverage="100%"/>
              </conditions>
            </line>
            <line number="39" hits="4" branch="true" condition-coverage="50% (1/2)">
              <conditions>
                <condition number="0" type="jump" coverage="50%"/>
              </conditions>
            </line>
            <line number="41" hits="551" branch="false"/>
          </lines>
        </class>
        <class name="nodes_cpp" filename="src/ast/nodes.cpp" line-rate="0.8181818181818182" branch-rate="0.6548672566371682" complexity="0.0">
          <methods/>
          <lines>
            <line number="25" hits="1053" branch="true" condition-coverage="76% (132/172)">
              <conditions>
                <condition number="0" type="jump" coverage="76%"/>
              </conditions>
            </line>
            <line number="33" hits="0" branch="true" condition-coverage="0% (0/2)">
              <conditions>
                <condition number="0" type="jump" coverage="0%"/>
              </conditions>
            </line>
            <line number="37" hits="18" branch="true" condition-coverage="66% (2/3)">
              <conditions>
                <condition number="0" type="jump" coverage="66%"/>
              </conditions>
            </line>
            <line number="43" hits="18" branch="false"/>
            <line number="50" hits="20" branch="true" condition-coverage="17% (3/17)">
              <conditions>
                <condition number="0" type="jump" coverage="17%"/>
              </conditions>
            </line>
            <line number="56" hits="20" branch="false"/>
            <line number="63" hits="15" branch="true" condition-coverage="66% (4/6)">
              <conditions>
                <condition number="0" type="jump" coverage="66%"/>
              </conditions>
            </line>
            <line number="69" hits="15" branch="false"/>
            <line number="76" hits="45" branch="true" condition-coverage="58% (7/12)">
              <conditions>
                <condition number="0" type="jump" coverage="58%"/>
              </conditions>
            </line>
            <line number="82" hits="45" branch="false"/>
            <line number="89" hits="0" branch="true" condition-coverage="0% (0/14)">
              <conditions>
                <condition number="0" type="jump" coverage="0%"/>
              </conditions>
            </line>
          </lines>
        </class>
        <class name="nodes_h" filename="src/ast/nodes.h" line-rate="0.9523809523809523" branch-rate="0.7647058823529411" complexity="0.0">
          <methods/>
          <lines>
            <line number="44" hits="568" branch="false"/>
            <line number="58" hits="932" branch="false"/>
            <line number="639" hits="25" branch="true" condition-coverage="100% (1/1)">
              <conditions>
                <condition number="0" type="jump" coverage="100%"/>
              </conditions>
            </line>
            <line number="641" hits="25" branch="true" condition-coverage="100% (2/2)">
              <conditions>
                <condition number="0" type="jump" coverage="100%"/>
              </conditions>
            </line>
            <line number="642" hits="8" branch="true" condition-coverage="50% (1/2)">
              <conditions>
                <condition number="0" type="jump" coverage="50%"/>
              </conditions>
            </line>
            <line number="643" hits="8" branch="false"/>
            <line number="646" hits="17" branch="false"/>
            <line number="650" hits="12" branch="true" condition-coverage="100% (2/2)">
              <conditions>
                <condition number="0" type="jump" coverage="100%"/>
              </conditions>
            </line>
            <line number="652" hits="12" branch="true" condition-coverage="100% (3/3)">
              <conditions>
                <condition number="0" type="jump" coverage="100%"/>
              </conditions>
            </line>
            <line number="653" hits="11" branch="true" condition-coverage="100% (3/3)">
              <conditions>
                <condition number="0" type="jump" coverage="100%"/>
              </conditions>
            </line>
            <line number="654" hits="11" branch="false"/>
            <line number="657" hits="1" branch="true" condition-coverage="25% (1/4)">
              <conditions>
                <condition number="0" type="jump" coverage="25%"/>
              </conditions>
            </line>
            <line number="658" hits="0" branch="false"/>
            <line number="660" hits="1" branch="false"/>
            <line number="661" hits="12" branch="false"/>
            <line number="935" hits="519" branch="false"/>
            <line number="936" hits="519" branch="false"/>
            <line number="937" hits="65" branch="false"/>
            <line number="939" hits="454" branch="false"/>
            <line number="940" hits="437" branch="false"/>
            <line number="942" hits="17" branch="false"/>
          </lines>
        </class>
        <class name="visitor_h" filename="src/ast/visitor.h" line-rate="0.65" branch-rate="0.7647058823529411" complexity="0.0">
          <methods/>
          <lines>
            <line number="69" hits="210" branch="false"/>
            <line number="70" hits="210" branch="false"/>
            <line number="71" hits="471" branch="true" condition-coverage="100% (2/2)">
              <conditions>
                <condition number="0" type="jump" coverage="100%"/>
              </conditions>
            </line>
            <line number="72" hits="261" branch="true" condition-coverage="100% (2/2)">
              <conditions>
                <condition number="0" type="jump" coverage="100%"/>
              </conditions>
            </line>
            <line number="73" hits="261" branch="false"/>
            <line number="75" hits="210" branch="false"/>
            <line number="76" hits="0" branch="false"/>
            <line number="80" hits="160" branch="true" condition-coverage="100% (2/2)">
              <conditions>
                <condition number="0" type="jump" coverage="100%"/>
              </conditions>
            </line>
            <line number="81" hits="268" branch="true" condition-coverage="100% (1/1)">
              <conditions>
                <condition number="0" type="jump" coverage="100%"/>
              </conditions>
            </line>
            <line number="83" hits="26" branch="false"/>
            <line number="88" hits="1945" branch="true" condition-coverage="80% (4/5)">
              <conditions>
                <condition number="0" type="jump" coverage="80%"/>
              </conditions>
            </line>
            <line number="89" hits="114" branch="false"/>
            <line number="90" hits="43" branch="false"/>
            <line number="91" hits="1778" branch="false"/>
            <line number="92" hits="1778" branch="false"/>
            <line number="93" hits="10" branch="false"/>
            <line number="95" hits="0" branch="false"/>
            <line number="101" hits="115" branch="true" condition-coverage="20% (1/5)">
              <conditions>
                <condition number="0" type="jump" coverage="20%"/>
              </conditions>
            </line>
            <line number="112" hits="115" branch="false"/>
            <line number="119" hits="0" branch="false"/>
            <line number="120" hits="0" branch="false"/>
            <line number="128" hits="42" branch="true" condition-coverage="50% (1/2)">
              <conditions>
                <condition number="0" type="jump" coverage="50%"/>
              </conditions>
            </line>
            <line number="129" hits="0" branch="false"/>
            <line number="133" hits="42" branch="true" condition-coverage="88% (8/9)">
              <conditions>
                <condition number="0" type="jump" coverage="88%"/>
              </conditions>
            </line>
            <line number="144" hits="42" branch="false"/>
            <line number="151" hits="0" branch="false"/>
            <line number="152" hits="0" branch="false"/>
            <line number="159" hits="3177" branch="true" condition-coverage="50% (1/2)">
              <conditions>
                <condition number="0" type="jump" coverage="50%"/>
              </conditions>
            </line>
            <line number="160" hits="0" branch="false"/>
            <line number="164" hits="3177" branch="true" condition-coverage="88% (31/35)">
              <conditions>
                <condition number="0" type="jump" coverage="88%"/>
              </conditions>
            </line>
            <line number="175" hits="3177" branch="false"/>
            <line number="182" hits="0" branch="false"/>
            <line number="183" hits="0" branch="false"/>
            <line number="190" hits="411" branch="true" condition-coverage="50% (1/2)">
              <conditions>
                <condition number="0" type="jump" coverage="50%"/>
              </conditions>
            </line>
            <line number="191" hits="0" branch="true" condition-coverage="0% (0/10)">
              <conditions>
                <condition number="0" type="jump" coverage="0%"/>
              </conditions>
            </line>
            <line number="192" hits="0" branch="false"/>
            <line number="197" hits="411" branch="true" condition-coverage="96% (24/25)">
              <conditions>
                <condition number="0" type="jump" coverage="96%"/>
              </conditions>
            </line>
            <line number="208" hits="411" branch="false"/>
            <line number="215" hits="0" branch="false"/>
            <line number="216" hits="0" branch="false"/>
          </lines>
        </class>
      </classes>
    </package>
    <package name="src.ast.ops" line-rate="0.8387850467289719" function-rate="0.6620689655172414" branch-rate="0.6972111553784861" complexity="0.0">
      <classes>
        <class name="attribute_cpp" filename="src/ast/ops/attribute.cpp" line-rate="1.0" branch-rate="0.9705882352941176" complexity="0.0">
          <methods/>
          <lines>
            <line number="16" hits="21" branch="true" condition-coverage="50% (1/2)">
              <conditions>
                <condition number="0" type="jump" coverage="50%"/>
              </conditions>
            </line>
            <line number="17" hits="21" branch="false"/>
            <line number="18" hits="21" branch="true" condition-coverage="100% (2/2)">
              <conditions>
                <condition number="0" type="jump" coverage="100%"/>
              </conditions>
            </line>
            <line number="19" hits="4" branch="false"/>
            <line number="22" hits="17" branch="false"/>
            <line number="26" hits="16" branch="true" condition-coverage="100% (2/2)">
              <conditions>
                <condition number="0" type="jump" coverage="100%"/>
              </conditions>
            </line>
            <line number="27" hits="9" branch="true" condition-coverage="100% (3/3)">
              <conditions>
                <condition number="0" type="jump" coverage="100%"/>
              </conditions>
            </line>
            <line number="28" hits="2" branch="false"/>
            <line number="31" hits="7" branch="false"/>
            <line number="34" hits="12" branch="true" condition-coverage="100% (2/2)">
              <conditions>
                <condition number="0" type="jump" coverage="100%"/>
              </conditions>
            </line>
            <line number="35" hits="2" branch="false"/>
            <line number="36" hits="10" branch="false"/>
            <line number="40" hits="13" branch="true" condition-coverage="100% (2/2)">
              <conditions>
                <condition number="0" type="jump" coverage="100%"/>
              </conditions>
            </line>
            <line number="41" hits="4" branch="false"/>
            <line number="43" hits="9" branch="false"/>
            <line number="47" hits="3" branch="true" condition-coverage="100% (2/2)">
              <conditions>
                <condition number="0" type="jump" coverage="100%"/>
              </conditions>
            </line>
            <line number="48" hits="2" branch="false"/>
            <line number="50" hits="1" branch="false"/>
            <line number="54" hits="39" branch="true" condition-coverage="100% (5/5)">
              <conditions>
                <condition number="0" type="jump" coverage="100%"/>
              </conditions>
            </line>
            <line number="55" hits="13" branch="false"/>
            <line number="56" hits="13" branch="false"/>
            <line number="57" hits="13" branch="false"/>
            <line number="59" hits="9" branch="false"/>
            <line number="60" hits="9" branch="false"/>
            <line number="61" hits="9" branch="false"/>
            <line number="63" hits="12" branch="false"/>
            <line number="64" hits="12" branch="false"/>
            <line number="65" hits="12" branch="false"/>
            <line number="67" hits="3" branch="false"/>
            <line number="68" hits="3" branch="false"/>
            <line number="69" hits="3" branch="false"/>
            <line number="72" hits="2" branch="false"/>
            <line number="77" hits="18" branch="true" condition-coverage="100% (2/2)">
              <conditions>
                <condition number="0" type="jump" coverage="100%"/>
              </conditions>
            </line>
            <line number="78" hits="1" branch="false"/>
            <line number="81" hits="17" branch="true" condition-coverage="100% (1/1)">
              <conditions>
                <condition number="0" type="jump" coverage="100%"/>
              </conditions>
            </line>
            <line number="82" hits="17" branch="true" condition-coverage="100% (1/1)">
              <conditions>
                <condition number="0" type="jump" coverage="100%"/>
              </conditions>
            </line>
            <line number="83" hits="17" branch="true" condition-coverage="100% (2/2)">
              <conditions>
                <condition number="0" type="jump" coverage="100%"/>
              </conditions>
            </line>
            <line number="85" hits="17" branch="true" condition-coverage="100% (2/2)">
              <conditions>
                <condition number="0" type="jump" coverage="100%"/>
              </conditions>
            </line>
            <line number="86" hits="2" branch="false"/>
            <line number="90" hits="44" branch="true" condition-coverage="100% (2/2)">
              <conditions>
                <condition number="0" type="jump" coverage="100%"/>
              </conditions>
            </line>
            <line number="91" hits="39" branch="true" condition-coverage="100% (1/1)">
              <conditions>
                <condition number="0" type="jump" coverage="100%"/>
              </conditions>
            </line>
            <line number="93" hits="39" branch="true" condition-coverage="100% (2/2)">
              <conditions>
                <condition number="0" type="jump" coverage="100%"/>
              </conditions>
            </line>
            <line number="94" hits="10" branch="false"/>
            <line number="98" hits="5" branch="false"/>
            <line number="99" hits="17" branch="false"/>
            <line number="103" hits="7" branch="true" condition-coverage="100% (1/1)">
              <conditions>
                <condition number="0" type="jump" coverage="100%"/>
              </conditions>
            </line>
          </lines>
        </class>
        <class name="context_cpp" filename="src/ast/ops/context.cpp" line-rate="0.6818181818181818" branch-rate="0.5" complexity="0.0">
          <methods/>
          <lines>
            <line number="43" hits="0" branch="true" condition-coverage="0% (0/2)">
              <conditions>
                <condition number="0" type="jump" coverage="0%"/>
              </conditions>
            </line>
            <line number="44" hits="0" branch="true" condition-coverage="0% (0/2)">
              <conditions>
                <condition number="0" type="jump" coverage="0%"/>
              </conditions>
            </line>
            <line number="46" hits="0" branch="false"/>
            <line number="49" hits="58" branch="true" condition-coverage="100% (2/2)">
              <conditions>
                <condition number="0" type="jump" coverage="100%"/>
              </conditions>
            </line>
            <line number="50" hits="42" branch="true" condition-coverage="100% (1/1)">
              <conditions>
                <condition number="0" type="jump" coverage="100%"/>
              </conditions>
            </line>
            <line number="52" hits="16" branch="false"/>
            <line number="102" hits="11" branch="false"/>
            <line number="103" hits="11" branch="false"/>
            <line number="107" hits="0" branch="false"/>
            <line number="108" hits="0" branch="false"/>
            <line number="112" hits="1" branch="false"/>
            <line number="113" hits="1" branch="false"/>
            <line number="117" hits="666" branch="false"/>
            <line number="118" hits="666" branch="false"/>
            <line number="122" hits="0" branch="false"/>
            <line number="123" hits="0" branch="false"/>
            <line number="127" hits="16" branch="false"/>
            <line number="128" hits="16" branch="false"/>
            <line number="133" hits="652" branch="false"/>
            <line number="134" hits="652" branch="false"/>
            <line number="135" hits="652" branch="true" condition-coverage="100% (1/1)">
              <conditions>
                <condition number="0" type="jump" coverage="100%"/>
              </conditions>
            </line>
            <line number="136" hits="1304" branch="false"/>
          </lines>
        </class>
        <class name="equality_cpp" filename="src/ast/ops/equality.cpp" line-rate="0.6593406593406593" branch-rate="0.5603015075376885" complexity="0.0">
          <methods/>
          <lines>
            <line number="13" hits="1074" branch="false"/>
            <line number="17" hits="9" branch="true" condition-coverage="100% (5/5)">
              <conditions>
                <condition number="0" type="jump" coverage="100%"/>
              </conditions>
            </line>
            <line number="18" hits="18" branch="true" condition-coverage="50% (2/4)">
              <conditions>
                <condition number="0" type="jump" coverage="50%"/>
              </conditions>
            </line>
            <line number="19" hits="18" branch="true" condition-coverage="50% (1/2)">
              <conditions>
                <condition number="0" type="jump" coverage="50%"/>
              </conditions>
            </line>
            <line number="23" hits="2" branch="true" condition-coverage="50% (2/4)">
              <conditions>
                <condition number="0" type="jump" coverage="50%"/>
              </conditions>
            </line>
            <line number="24" hits="2" branch="true" condition-coverage="50% (1/2)">
              <conditions>
                <condition number="0" type="jump" coverage="50%"/>
              </conditions>
            </line>
            <line number="28" hits="0" branch="false"/>
            <line number="32" hits="4" branch="true" condition-coverage="50% (1/2)">
              <conditions>
                <condition number="0" type="jump" coverage="50%"/>
              </conditions>
            </line>
            <line number="33" hits="4" branch="true" condition-coverage="50% (1/2)">
              <conditions>
                <condition number="0" type="jump" coverage="50%"/>
              </conditions>
            </line>
            <line number="37" hits="8" branch="true" condition-coverage="50% (2/4)">
              <conditions>
                <condition number="0" type="jump" coverage="50%"/>
              </conditions>
            </line>
            <line number="38" hits="8" branch="true" condition-coverage="50% (1/2)">
              <conditions>
                <condition number="0" type="jump" coverage="50%"/>
              </conditions>
            </line>
            <line number="42" hits="10" branch="true" condition-coverage="50% (2/4)">
              <conditions>
                <condition number="0" type="jump" coverage="50%"/>
              </conditions>
            </line>
            <line number="46" hits="1" branch="true" condition-coverage="50% (2/4)">
              <conditions>
                <condition number="0" type="jump" coverage="50%"/>
              </conditions>
            </line>
            <line number="50" hits="1" branch="true" condition-coverage="50% (2/4)">
              <conditions>
                <condition number="0" type="jump" coverage="50%"/>
              </conditions>
            </line>
            <line number="54" hits="2" branch="true" condition-coverage="50% (1/2)">
              <conditions>
                <condition number="0" type="jump" coverage="50%"/>
              </conditions>
            </line>
            <line number="55" hits="1" branch="true" condition-coverage="50% (2/4)">
              <conditions>
                <condition number="0" type="jump" coverage="50%"/>
              </conditions>
            </line>
            <line number="56" hits="3" branch="true" condition-coverage="50% (3/6)">
              <conditions>
                <condition number="0" type="jump" coverage="50%"/>
              </conditions>
            </line>
            <line number="57" hits="2" branch="true" condition-coverage="50% (1/2)">
              <conditions>
                <condition number="0" type="jump" coverage="50%"/>
              </conditions>
            </line>
            <line number="62" hits="102" branch="true" condition-coverage="50% (1/2)">
              <conditions>
                <condition number="0" type="jump" coverage="50%"/>
              </conditions>
            </line>
            <line number="63" hits="102" branch="true" condition-coverage="100% (2/2)">
              <conditions>
                <condition number="0" type="jump" coverage="100%"/>
              </conditions>
            </line>
            <line number="64" hits="64" branch="false"/>
            <line number="66" hits="38" branch="false"/>
            <line number="69" hits="0" branch="false"/>
            <line number="74" hits="338" branch="true" condition-coverage="50% (1/2)">
              <conditions>
                <condition number="0" type="jump" coverage="50%"/>
              </conditions>
            </line>
            <line number="75" hits="0" branch="false"/>
            <line number="77" hits="780" branch="true" condition-coverage="100% (2/2)">
              <conditions>
                <condition number="0" type="jump" coverage="100%"/>
              </conditions>
            </line>
            <line number="78" hits="444" branch="true" condition-coverage="100% (2/2)">
              <conditions>
                <condition number="0" type="jump" coverage="100%"/>
              </conditions>
            </line>
            <line number="79" hits="2" branch="false"/>
            <line number="82" hits="336" branch="false"/>
            <line number="86" hits="316" branch="true" condition-coverage="100% (2/2)">
              <conditions>
                <condition number="0" type="jump" coverage="100%"/>
              </conditions>
            </line>
            <line number="87" hits="2" branch="false"/>
            <line number="90" hits="314" branch="true" condition-coverage="40% (2/5)">
              <conditions>
                <condition number="0" type="jump" coverage="40%"/>
              </conditions>
            </line>
            <line number="91" hits="0" branch="false"/>
            <line number="92" hits="0" branch="false"/>
            <line number="93" hits="106" branch="false"/>
            <line number="94" hits="106" branch="false"/>
            <line number="95" hits="208" branch="false"/>
            <line number="96" hits="208" branch="false"/>
            <line number="97" hits="0" branch="false"/>
            <line number="98" hits="0" branch="false"/>
            <line number="101" hits="0" branch="false"/>
            <line number="105" hits="0" branch="true" condition-coverage="0% (0/10)">
              <conditions>
                <condition number="0" type="jump" coverage="0%"/>
              </conditions>
            </line>
            <line number="107" hits="0" branch="true" condition-coverage="0% (0/2)">
              <conditions>
                <condition number="0" type="jump" coverage="0%"/>
              </conditions>
            </line>
            <line number="108" hits="0" branch="false"/>
            <line number="111" hits="0" branch="true" condition-coverage="0% (0/5)">
              <conditions>
                <condition number="0" type="jump" coverage="0%"/>
              </conditions>
            </line>
            <line number="122" hits="0" branch="false"/>
            <line number="129" hits="0" branch="false"/>
            <line number="130" hits="0" branch="false"/>
            <line number="138" hits="20" branch="true" condition-coverage="100% (5/5)">
              <conditions>
                <condition number="0" type="jump" coverage="100%"/>
              </conditions>
            </line>
            <line number="140" hits="20" branch="true" condition-coverage="50% (1/2)">
              <conditions>
                <condition number="0" type="jump" coverage="50%"/>
              </conditions>
            </line>
            <line number="141" hits="0" branch="false"/>
            <line number="144" hits="20" branch="true" condition-coverage="88% (8/9)">
              <conditions>
                <condition number="0" type="jump" coverage="88%"/>
              </conditions>
            </line>
            <line number="155" hits="20" branch="false"/>
            <line number="162" hits="0" branch="false"/>
            <line number="163" hits="0" branch="false"/>
            <line number="170" hits="580" branch="true" condition-coverage="75% (3/4)">
              <conditions>
                <condition number="0" type="jump" coverage="75%"/>
              </conditions>
            </line>
            <line number="171" hits="3" branch="false"/>
            <line number="173" hits="577" branch="true" condition-coverage="50% (2/4)">
              <conditions>
                <condition number="0" type="jump" coverage="50%"/>
              </conditions>
            </line>
            <line number="174" hits="0" branch="false"/>
            <line number="176" hits="577" branch="true" condition-coverage="100% (5/5)">
              <conditions>
                <condition number="0" type="jump" coverage="100%"/>
              </conditions>
            </line>
            <line number="178" hits="577" branch="true" condition-coverage="50% (1/2)">
              <conditions>
                <condition number="0" type="jump" coverage="50%"/>
              </conditions>
            </line>
            <line number="179" hits="0" branch="false"/>
            <line number="182" hits="577" branch="true" condition-coverage="77% (27/35)">
              <conditions>
                <condition number="0" type="jump" coverage="77%"/>
              </conditions>
            </line>
            <line number="193" hits="577" branch="false"/>
            <line number="200" hits="0" branch="false"/>
            <line number="201" hits="0" branch="false"/>
            <line number="208" hits="131" branch="true" condition-coverage="100% (5/5)">
              <conditions>
                <condition number="0" type="jump" coverage="100%"/>
              </conditions>
            </line>
            <line number="210" hits="131" branch="true" condition-coverage="50% (1/2)">
              <conditions>
                <condition number="0" type="jump" coverage="50%"/>
              </conditions>
            </line>
            <line number="211" hits="0" branch="false"/>
            <line number="214" hits="131" branch="true" condition-coverage="96% (24/25)">
              <conditions>
                <condition number="0" type="jump" coverage="96%"/>
              </conditions>
            </line>
            <line number="225" hits="131" branch="false"/>
            <line number="232" hits="0" branch="false"/>
            <line number="233" hits="0" branch="false"/>
            <line number="241" hits="0" branch="true" condition-coverage="0% (0/2)">
              <conditions>
                <condition number="0" type="jump" coverage="0%"/>
              </conditions>
            </line>
            <line number="242" hits="0" branch="false"/>
            <line number="245" hits="0" branch="true" condition-coverage="0% (0/2)">
              <conditions>
                <condition number="0" type="jump" coverage="0%"/>
              </conditions>
            </line>
            <line number="246" hits="0" branch="false"/>
            <line number="247" hits="0" branch="false"/>
            <line number="249" hits="0" branch="true" condition-coverage="0% (0/2)">
              <conditions>
                <condition number="0" type="jump" coverage="0%"/>
              </conditions>
            </line>
            <line number="250" hits="0" branch="false"/>
            <line number="254" hits="0" branch="false"/>
            <line number="257" hits="0" branch="true" condition-coverage="0% (0/4)">
              <conditions>
                <condition number="0" type="jump" coverage="0%"/>
              </conditions>
            </line>
            <line number="260" hits="0" branch="false"/>
            <line number="264" hits="0" branch="false"/>
            <line number="268" hits="36" branch="true" condition-coverage="75% (3/4)">
              <conditions>
                <condition number="0" type="jump" coverage="75%"/>
              </conditions>
            </line>
            <line number="272" hits="85" branch="true" condition-coverage="100% (5/5)">
              <conditions>
                <condition number="0" type="jump" coverage="100%"/>
              </conditions>
            </line>
            <line number="273" hits="85" branch="false"/>
            <line number="277" hits="4" branch="false"/>
            <line number="281" hits="3" branch="false"/>
            <line number="289" hits="0" branch="false"/>
            <line number="292" hits="0" branch="false"/>
            <line number="305" hits="1" branch="false"/>
            <line number="309" hits="4" branch="true" condition-coverage="50% (2/4)">
              <conditions>
                <condition number="0" type="jump" coverage="50%"/>
              </conditions>
            </line>
            <line number="312" hits="1" branch="true" condition-coverage="50% (2/4)">
              <conditions>
                <condition number="0" type="jump" coverage="50%"/>
              </conditions>
            </line>
            <line number="315" hits="7" branch="true" condition-coverage="50% (3/6)">
              <conditions>
                <condition number="0" type="jump" coverage="50%"/>
              </conditions>
            </line>
            <line number="318" hits="4" branch="true" condition-coverage="50% (2/4)">
              <conditions>
                <condition number="0" type="jump" coverage="50%"/>
              </conditions>
            </line>
            <line number="321" hits="1" branch="true" condition-coverage="50% (2/4)">
              <conditions>
                <condition number="0" type="jump" coverage="50%"/>
              </conditions>
            </line>
            <line number="324" hits="2" branch="true" condition-coverage="50% (2/4)">
              <conditions>
                <condition number="0" type="jump" coverage="50%"/>
              </conditions>
            </line>
            <line number="325" hits="2" branch="true" condition-coverage="50% (1/2)">
              <conditions>
                <condition number="0" type="jump" coverage="50%"/>
              </conditions>
            </line>
            <line number="328" hits="4" branch="true" condition-coverage="50% (2/4)">
              <conditions>
                <condition number="0" type="jump" coverage="50%"/>
              </conditions>
            </line>
            <line number="332" hits="1" branch="true" condition-coverage="50% (2/4)">
              <conditions>
                <condition number="0" type="jump" coverage="50%"/>
              </conditions>
            </line>
            <line number="335" hits="1" branch="true" condition-coverage="50% (2/4)">
              <conditions>
                <condition number="0" type="jump" coverage="50%"/>
              </conditions>
            </line>
            <line number="338" hits="1" branch="true" condition-coverage="50% (2/4)">
              <conditions>
                <condition number="0" type="jump" coverage="50%"/>
              </conditions>
            </line>
            <line number="341" hits="2" branch="true" condition-coverage="50% (2/4)">
              <conditions>
                <condition number="0" type="jump" coverage="50%"/>
              </conditions>
            </line>
            <line number="342" hits="2" branch="true" condition-coverage="50% (1/2)">
              <conditions>
                <condition number="0" type="jump" coverage="50%"/>
              </conditions>
            </line>
            <line number="346" hits="22" branch="true" condition-coverage="50% (2/4)">
              <conditions>
                <condition number="0" type="jump" coverage="50%"/>
              </conditions>
            </line>
            <line number="347" hits="22" branch="true" condition-coverage="50% (1/2)">
              <conditions>
                <condition number="0" type="jump" coverage="50%"/>
              </conditions>
            </line>
            <line number="350" hits="2" branch="true" condition-coverage="50% (2/4)">
              <conditions>
                <condition number="0" type="jump" coverage="50%"/>
              </conditions>
            </line>
            <line number="351" hits="2" branch="true" condition-coverage="50% (1/2)">
              <conditions>
                <condition number="0" type="jump" coverage="50%"/>
              </conditions>
            </line>
            <line number="354" hits="0" branch="false"/>
            <line number="357" hits="0" branch="true" condition-coverage="0% (0/4)">
              <conditions>
                <condition number="0" type="jump" coverage="0%"/>
              </conditions>
            </line>
            <line number="358" hits="0" branch="true" condition-coverage="0% (0/2)">
              <conditions>
                <condition number="0" type="jump" coverage="0%"/>
              </conditions>
            </line>
            <line number="361" hits="1" branch="true" condition-coverage="50% (2/4)">
              <conditions>
                <condition number="0" type="jump" coverage="50%"/>
              </conditions>
            </line>
            <line number="367" hits="2" branch="true" condition-coverage="50% (2/4)">
              <conditions>
                <condition number="0" type="jump" coverage="50%"/>
              </conditions>
            </line>
            <line number="372" hits="1" branch="false"/>
            <line number="378" hits="4" branch="true" condition-coverage="50% (2/4)">
              <conditions>
                <condition number="0" type="jump" coverage="50%"/>
              </conditions>
            </line>
            <line number="379" hits="4" branch="true" condition-coverage="50% (1/2)">
              <conditions>
                <condition number="0" type="jump" coverage="50%"/>
              </conditions>
            </line>
            <line number="383" hits="22" branch="true" condition-coverage="50% (2/4)">
              <conditions>
                <condition number="0" type="jump" coverage="50%"/>
              </conditions>
            </line>
            <line number="386" hits="2" branch="true" condition-coverage="50% (2/4)">
              <conditions>
                <condition number="0" type="jump" coverage="50%"/>
              </conditions>
            </line>
            <line number="389" hits="10" branch="true" condition-coverage="50% (2/4)">
              <conditions>
                <condition number="0" type="jump" coverage="50%"/>
              </conditions>
            </line>
            <line number="390" hits="10" branch="true" condition-coverage="50% (1/2)">
              <conditions>
                <condition number="0" type="jump" coverage="50%"/>
              </conditions>
            </line>
            <line number="393" hits="4" branch="true" condition-coverage="50% (1/2)">
              <conditions>
                <condition number="0" type="jump" coverage="50%"/>
              </conditions>
            </line>
            <line number="394" hits="4" branch="true" condition-coverage="50% (3/6)">
              <conditions>
                <condition number="0" type="jump" coverage="50%"/>
              </conditions>
            </line>
            <line number="397" hits="2" branch="true" condition-coverage="50% (2/4)">
              <conditions>
                <condition number="0" type="jump" coverage="50%"/>
              </conditions>
            </line>
            <line number="398" hits="2" branch="true" condition-coverage="50% (1/2)">
              <conditions>
                <condition number="0" type="jump" coverage="50%"/>
              </conditions>
            </line>
            <line number="401" hits="2" branch="true" condition-coverage="50% (1/2)">
              <conditions>
                <condition number="0" type="jump" coverage="50%"/>
              </conditions>
            </line>
            <line number="402" hits="3" branch="true" condition-coverage="50% (3/6)">
              <conditions>
                <condition number="0" type="jump" coverage="50%"/>
              </conditions>
            </line>
            <line number="403" hits="2" branch="true" condition-coverage="50% (1/2)">
              <conditions>
                <condition number="0" type="jump" coverage="50%"/>
              </conditions>
            </line>
            <line number="406" hits="2" branch="true" condition-coverage="50% (3/6)">
              <conditions>
                <condition number="0" type="jump" coverage="50%"/>
              </conditions>
            </line>
            <line number="407" hits="2" branch="false"/>
            <line number="410" hits="2" branch="true" condition-coverage="50% (2/4)">
              <conditions>
                <condition number="0" type="jump" coverage="50%"/>
              </conditions>
            </line>
            <line number="413" hits="2" branch="true" condition-coverage="50% (1/2)">
              <conditions>
                <condition number="0" type="jump" coverage="50%"/>
              </conditions>
            </line>
            <line number="414" hits="2" branch="true" condition-coverage="50% (3/6)">
              <conditions>
                <condition number="0" type="jump" coverage="50%"/>
              </conditions>
            </line>
            <line number="417" hits="2" branch="true" condition-coverage="50% (2/4)">
              <conditions>
                <condition number="0" type="jump" coverage="50%"/>
              </conditions>
            </line>
            <line number="421" hits="4" branch="true" condition-coverage="50% (2/4)">
              <conditions>
                <condition number="0" type="jump" coverage="50%"/>
              </conditions>
            </line>
            <line number="422" hits="4" branch="true" condition-coverage="50% (1/2)">
              <conditions>
                <condition number="0" type="jump" coverage="50%"/>
              </conditions>
            </line>
            <line number="431" hits="3" branch="true" condition-coverage="50% (2/4)">
              <conditions>
                <condition number="0" type="jump" coverage="50%"/>
              </conditions>
            </line>
            <line number="434" hits="9" branch="false"/>
            <line number="437" hits="2" branch="false"/>
            <line number="440" hits="3" branch="false"/>
            <line number="443" hits="2" branch="true" condition-coverage="50% (1/2)">
              <conditions>
                <condition number="0" type="jump" coverage="50%"/>
              </conditions>
            </line>
            <line number="444" hits="0" branch="false"/>
            <line number="446" hits="3" branch="true" condition-coverage="100% (2/2)">
              <conditions>
                <condition number="0" type="jump" coverage="100%"/>
              </conditions>
            </line>
            <line number="447" hits="1" branch="true" condition-coverage="50% (1/2)">
              <conditions>
                <condition number="0" type="jump" coverage="50%"/>
              </conditions>
            </line>
            <line number="448" hits="0" branch="false"/>
            <line number="450" hits="1" branch="true" condition-coverage="50% (1/2)">
              <conditions>
                <condition number="0" type="jump" coverage="50%"/>
              </conditions>
            </line>
            <line number="451" hits="0" branch="false"/>
            <line number="454" hits="2" branch="false"/>
            <line number="457" hits="1" branch="true" condition-coverage="50% (1/2)">
              <conditions>
                <condition number="0" type="jump" coverage="50%"/>
              </conditions>
            </line>
            <line number="458" hits="0" branch="false"/>
            <line number="461" hits="1" branch="true" condition-coverage="50% (1/2)">
              <conditions>
                <condition number="0" type="jump" coverage="50%"/>
              </conditions>
            </line>
            <line number="462" hits="0" branch="false"/>
            <line number="466" hits="1" branch="true" condition-coverage="50% (1/2)">
              <conditions>
                <condition number="0" type="jump" coverage="50%"/>
              </conditions>
            </line>
            <line number="467" hits="0" branch="false"/>
            <line number="469" hits="2" branch="true" condition-coverage="100% (2/2)">
              <conditions>
                <condition number="0" type="jump" coverage="100%"/>
              </conditions>
            </line>
            <line number="470" hits="1" branch="true" condition-coverage="50% (1/2)">
              <conditions>
                <condition number="0" type="jump" coverage="50%"/>
              </conditions>
            </line>
            <line number="471" hits="0" branch="false"/>
            <line number="473" hits="1" branch="true" condition-coverage="50% (1/2)">
              <conditions>
                <condition number="0" type="jump" coverage="50%"/>
              </conditions>
            </line>
            <line number="474" hits="0" branch="false"/>
            <line number="478" hits="1" branch="false"/>
            <line number="482" hits="1" branch="true" condition-coverage="50% (2/4)">
              <conditions>
                <condition number="0" type="jump" coverage="50%"/>
              </conditions>
            </line>
            <line number="485" hits="1" branch="false"/>
            <line number="490" hits="0" branch="false"/>
            <line number="491" hits="0" branch="true" condition-coverage="0% (0/2)">
              <conditions>
                <condition number="0" type="jump" coverage="0%"/>
              </conditions>
            </line>
            <line number="492" hits="0" branch="false"/>
            <line number="495" hits="0" branch="true" condition-coverage="0% (0/2)">
              <conditions>
                <condition number="0" type="jump" coverage="0%"/>
              </conditions>
            </line>
            <line number="499" hits="224" branch="false"/>
            <line number="500" hits="224" branch="true" condition-coverage="100% (2/2)">
              <conditions>
                <condition number="0" type="jump" coverage="100%"/>
              </conditions>
            </line>
            <line number="501" hits="15" branch="false"/>
            <line number="504" hits="209" branch="true" condition-coverage="100% (1/1)">
              <conditions>
                <condition number="0" type="jump" coverage="100%"/>
              </conditions>
            </line>
            <line number="508" hits="0" branch="false"/>
            <line number="509" hits="0" branch="true" condition-coverage="0% (0/2)">
              <conditions>
                <condition number="0" type="jump" coverage="0%"/>
              </conditions>
            </line>
            <line number="510" hits="0" branch="false"/>
            <line number="513" hits="0" branch="true" condition-coverage="0% (0/2)">
              <conditions>
                <condition number="0" type="jump" coverage="0%"/>
              </conditions>
            </line>
            <line number="517" hits="107" branch="false"/>
            <line number="518" hits="107" branch="true" condition-coverage="50% (1/2)">
              <conditions>
                <condition number="0" type="jump" coverage="50%"/>
              </conditions>
            </line>
            <line number="519" hits="0" branch="false"/>
            <line number="522" hits="107" branch="true" condition-coverage="100% (1/1)">
              <conditions>
                <condition number="0" type="jump" coverage="100%"/>
              </conditions>
            </line>
            <line number="526" hits="0" branch="false"/>
            <line number="527" hits="0" branch="true" condition-coverage="0% (0/2)">
              <conditions>
                <condition number="0" type="jump" coverage="0%"/>
              </conditions>
            </line>
            <line number="528" hits="0" branch="false"/>
            <line number="531" hits="0" branch="true" condition-coverage="0% (0/2)">
              <conditions>
                <condition number="0" type="jump" coverage="0%"/>
              </conditions>
            </line>
          </lines>
        </class>
        <class name="print_cpp" filename="src/ast/ops/print.cpp" line-rate="0.8861386138613861" branch-rate="0.7801418439716312" complexity="0.0">
          <methods/>
          <lines>
            <line number="31" hits="211" branch="true" condition-coverage="100% (2/2)">
              <conditions>
                <condition number="0" type="jump" coverage="100%"/>
              </conditions>
            </line>
            <line number="32" hits="131" branch="false"/>
            <line number="35" hits="80" branch="false"/>
            <line number="36" hits="80" branch="false"/>
            <line number="45" hits="164" branch="false"/>
            <line number="46" hits="341" branch="true" condition-coverage="100% (2/2)">
              <conditions>
                <condition number="0" type="jump" coverage="100%"/>
              </conditions>
            </line>
            <line number="47" hits="177" branch="false"/>
            <line number="49" hits="177" branch="true" condition-coverage="100% (2/2)">
              <conditions>
[...]
              </conditions>
            </line>
            <line number="487" hits="1" branch="false"/>
            <line number="488" hits="1" branch="false"/>
            <line number="491" hits="36" branch="true" condition-coverage="100% (2/2)">
              <conditions>
                <condition number="0" type="jump" coverage="100%"/>
              </conditions>
            </line>
            <line number="492" hits="10" branch="false"/>
            <line number="497" hits="13" branch="false"/>
            <line number="498" hits="13" branch="false"/>
            <line number="499" hits="13" branch="false"/>
            <line number="501" hits="3" branch="true" condition-coverage="50% (1/2)">
              <conditions>
                <condition number="0" type="jump" coverage="50%"/>
              </conditions>
            </line>
            <line number="502" hits="0" branch="true" condition-coverage="0% (0/2)">
              <conditions>
                <condition number="0" type="jump" coverage="0%"/>
              </conditions>
            </line>
            <line number="504" hits="0" branch="true" condition-coverage="0% (0/2)">
              <conditions>
                <condition number="0" type="jump" coverage="0%"/>
              </conditions>
            </line>
            <line number="505" hits="0" branch="true" condition-coverage="0% (0/2)">
              <conditions>
                <condition number="0" type="jump" coverage="0%"/>
              </conditions>
            </line>
            <line number="508" hits="3" branch="false"/>
            <line number="513" hits="3" branch="false"/>
            <line number="515" hits="3" branch="true" condition-coverage="50% (1/2)">
              <conditions>
                <condition number="0" type="jump" coverage="50%"/>
              </conditions>
            </line>
            <line number="516" hits="0" branch="true" condition-coverage="0% (0/2)">
              <conditions>
                <condition number="0" type="jump" coverage="0%"/>
              </conditions>
            </line>
            <line number="517" hits="0" branch="false"/>
            <line number="518" hits="0" branch="true" condition-coverage="0% (0/10)">
              <conditions>
                <condition number="0" type="jump" coverage="0%"/>
              </conditions>
            </line>
            <line number="520" hits="0" branch="false"/>
            <line number="521" hits="0" branch="true" condition-coverage="0% (0/2)">
              <conditions>
                <condition number="0" type="jump" coverage="0%"/>
              </conditions>
            </line>
            <line number="522" hits="0" branch="false"/>
            <line number="523" hits="0" branch="false"/>
            <line number="527" hits="0" branch="true" condition-coverage="0% (0/2)">
              <conditions>
                <condition number="0" type="jump" coverage="0%"/>
              </conditions>
            </line>
            <line number="528" hits="0" branch="true" condition-coverage="0% (0/2)">
              <conditions>
                <condition number="0" type="jump" coverage="0%"/>
              </conditions>
            </line>
            <line number="530" hits="0" branch="true" condition-coverage="0% (0/2)">
              <conditions>
                <condition number="0" type="jump" coverage="0%"/>
              </conditions>
            </line>
            <line number="531" hits="0" branch="true" condition-coverage="0% (0/2)">
              <conditions>
                <condition number="0" type="jump" coverage="0%"/>
              </conditions>
            </line>
            <line number="535" hits="0" branch="false"/>
            <line number="539" hits="3" branch="false"/>
            <line number="540" hits="3" branch="false"/>
            <line number="541" hits="3" branch="true" condition-coverage="100% (5/5)">
              <conditions>
                <condition number="0" type="jump" coverage="100%"/>
              </conditions>
            </line>
            <line number="543" hits="3" branch="false"/>
            <line number="545" hits="3" branch="true" condition-coverage="100% (2/2)">
              <conditions>
                <condition number="0" type="jump" coverage="100%"/>
              </conditions>
            </line>
            <line number="546" hits="2" branch="false"/>
            <line number="549" hits="6" branch="true" condition-coverage="100% (2/2)">
              <conditions>
                <condition number="0" type="jump" coverage="100%"/>
              </conditions>
            </line>
            <line number="550" hits="3" branch="true" condition-coverage="100% (1/1)">
              <conditions>
                <condition number="0" type="jump" coverage="100%"/>
              </conditions>
            </line>
            <line number="552" hits="3" branch="true" condition-coverage="50% (1/2)">
              <conditions>
                <condition number="0" type="jump" coverage="50%"/>
              </conditions>
            </line>
            <line number="553" hits="0" branch="true" condition-coverage="0% (0/2)">
              <conditions>
                <condition number="0" type="jump" coverage="0%"/>
              </conditions>
            </line>
            <line number="557" hits="3" branch="false"/>
            <line number="561" hits="2" branch="false"/>
            <line number="562" hits="2" branch="false"/>
            <line number="563" hits="2" branch="true" condition-coverage="50% (1/2)">
              <conditions>
                <condition number="0" type="jump" coverage="50%"/>
              </conditions>
            </line>
            <line number="564" hits="2" branch="true" condition-coverage="100% (2/2)">
              <conditions>
                <condition number="0" type="jump" coverage="100%"/>
              </conditions>
            </line>
            <line number="566" hits="1" branch="false"/>
            <line number="570" hits="1" branch="false"/>
            <line number="573" hits="0" branch="false"/>
            <line number="574" hits="0" branch="false"/>
            <line number="575" hits="0" branch="false"/>
            <line number="576" hits="0" branch="false"/>
            <line number="582" hits="1" branch="false"/>
            <line number="585" hits="1" branch="false"/>
            <line number="586" hits="1" branch="false"/>
            <line number="589" hits="10" branch="false"/>
            <line number="590" hits="10" branch="false"/>
            <line number="595" hits="3" branch="true" condition-coverage="100% (2/2)">
              <conditions>
                <condition number="0" type="jump" coverage="100%"/>
              </conditions>
            </line>
            <line number="596" hits="2" branch="true" condition-coverage="100% (1/1)">
              <conditions>
                <condition number="0" type="jump" coverage="100%"/>
              </conditions>
            </line>
            <line number="598" hits="2" branch="true" condition-coverage="50% (1/2)">
              <conditions>
                <condition number="0" type="jump" coverage="50%"/>
              </conditions>
            </line>
            <line number="599" hits="0" branch="true" condition-coverage="0% (0/2)">
              <conditions>
                <condition number="0" type="jump" coverage="0%"/>
              </conditions>
            </line>
            <line number="602" hits="1" branch="false"/>
            <line number="607" hits="0" branch="true" condition-coverage="0% (0/2)">
              <conditions>
                <condition number="0" type="jump" coverage="0%"/>
              </conditions>
            </line>
            <line number="608" hits="0" branch="true" condition-coverage="0% (0/2)">
              <conditions>
                <condition number="0" type="jump" coverage="0%"/>
              </conditions>
            </line>
            <line number="610" hits="0" branch="true" condition-coverage="0% (0/2)">
              <conditions>
                <condition number="0" type="jump" coverage="0%"/>
              </conditions>
            </line>
            <line number="611" hits="0" branch="false"/>
            <line number="615" hits="0" branch="true" condition-coverage="0% (0/2)">
              <conditions>
                <condition number="0" type="jump" coverage="0%"/>
              </conditions>
            </line>
            <line number="616" hits="0" branch="false"/>
            <line number="620" hits="0" branch="true" condition-coverage="0% (0/2)">
              <conditions>
                <condition number="0" type="jump" coverage="0%"/>
              </conditions>
            </line>
            <line number="621" hits="0" branch="true" condition-coverage="0% (0/2)">
              <conditions>
                <condition number="0" type="jump" coverage="0%"/>
              </conditions>
            </line>
            <line number="623" hits="0" branch="true" condition-coverage="0% (0/2)">
              <conditions>
                <condition number="0" type="jump" coverage="0%"/>
              </conditions>
            </line>
            <line number="624" hits="0" branch="false"/>
            <line number="627" hits="0" branch="true" condition-coverage="0% (0/2)">
              <conditions>
                <condition number="0" type="jump" coverage="0%"/>
              </conditions>
            </line>
            <line number="628" hits="0" branch="false"/>
            <line number="631" hits="0" branch="true" condition-coverage="0% (0/2)">
              <conditions>
                <condition number="0" type="jump" coverage="0%"/>
              </conditions>
            </line>
            <line number="632" hits="0" branch="false"/>
            <line number="638" hits="0" branch="true" condition-coverage="0% (0/2)">
              <conditions>
                <condition number="0" type="jump" coverage="0%"/>
              </conditions>
            </line>
            <line number="639" hits="0" branch="true" condition-coverage="0% (0/2)">
              <conditions>
                <condition number="0" type="jump" coverage="0%"/>
              </conditions>
            </line>
            <line number="641" hits="0" branch="true" condition-coverage="0% (0/2)">
              <conditions>
                <condition number="0" type="jump" coverage="0%"/>
              </conditions>
            </line>
            <line number="642" hits="0" branch="false"/>
            <line number="649" hits="0" branch="false"/>
            <line number="651" hits="0" branch="true" condition-coverage="0% (0/2)">
              <conditions>
                <condition number="0" type="jump" coverage="0%"/>
              </conditions>
            </line>
            <line number="652" hits="0" branch="true" condition-coverage="0% (0/2)">
              <conditions>
                <condition number="0" type="jump" coverage="0%"/>
              </conditions>
            </line>
            <line number="654" hits="0" branch="true" condition-coverage="0% (0/2)">
              <conditions>
                <condition number="0" type="jump" coverage="0%"/>
              </conditions>
            </line>
            <line number="655" hits="0" branch="false"/>
            <line number="656" hits="0" branch="false"/>
            <line number="660" hits="0" branch="true" condition-coverage="0% (0/2)">
              <conditions>
                <condition number="0" type="jump" coverage="0%"/>
              </conditions>
            </line>
            <line number="662" hits="0" branch="false"/>
            <line number="664" hits="0" branch="false"/>
            <line number="665" hits="0" branch="false"/>
            <line number="667" hits="0" branch="true" condition-coverage="0% (0/2)">
              <conditions>
                <condition number="0" type="jump" coverage="0%"/>
              </conditions>
            </line>
            <line number="671" hits="0" branch="true" condition-coverage="0% (0/2)">
              <conditions>
                <condition number="0" type="jump" coverage="0%"/>
              </conditions>
            </line>
            <line number="672" hits="0" branch="false"/>
            <line number="673" hits="0" branch="false"/>
            <line number="677" hits="0" branch="true" condition-coverage="0% (0/4)">
              <conditions>
                <condition number="0" type="jump" coverage="0%"/>
              </conditions>
            </line>
            <line number="678" hits="0" branch="false"/>
            <line number="679" hits="0" branch="false"/>
            <line number="683" hits="0" branch="true" condition-coverage="0% (0/2)">
              <conditions>
                <condition number="0" type="jump" coverage="0%"/>
              </conditions>
            </line>
            <line number="685" hits="0" branch="true" condition-coverage="0% (0/2)">
              <conditions>
                <condition number="0" type="jump" coverage="0%"/>
              </conditions>
            </line>
            <line number="686" hits="0" branch="true" condition-coverage="0% (0/2)">
              <conditions>
                <condition number="0" type="jump" coverage="0%"/>
              </conditions>
            </line>
            <line number="689" hits="0" branch="true" condition-coverage="0% (0/2)">
              <conditions>
                <condition number="0" type="jump" coverage="0%"/>
              </conditions>
            </line>
            <line number="690" hits="0" branch="true" condition-coverage="0% (0/2)">
              <conditions>
                <condition number="0" type="jump" coverage="0%"/>
              </conditions>
            </line>
            <line number="693" hits="0" branch="true" condition-coverage="0% (0/2)">
              <conditions>
                <condition number="0" type="jump" coverage="0%"/>
              </conditions>
            </line>
            <line number="694" hits="0" branch="true" condition-coverage="0% (0/2)">
              <conditions>
                <condition number="0" type="jump" coverage="0%"/>
              </conditions>
            </line>
            <line number="699" hits="0" branch="false"/>
            <line number="700" hits="0" branch="false"/>
            <line number="705" hits="0" branch="true" condition-coverage="0% (0/2)">
              <conditions>
                <condition number="0" type="jump" coverage="0%"/>
              </conditions>
            </line>
            <line number="706" hits="0" branch="true" condition-coverage="0% (0/2)">
              <conditions>
                <condition number="0" type="jump" coverage="0%"/>
              </conditions>
            </line>
            <line number="707" hits="0" branch="true" condition-coverage="0% (0/2)">
              <conditions>
                <condition number="0" type="jump" coverage="0%"/>
              </conditions>
            </line>
            <line number="709" hits="0" branch="true" condition-coverage="0% (0/2)">
              <conditions>
                <condition number="0" type="jump" coverage="0%"/>
              </conditions>
            </line>
            <line number="710" hits="0" branch="true" condition-coverage="0% (0/2)">
              <conditions>
                <condition number="0" type="jump" coverage="0%"/>
              </conditions>
            </line>
            <line number="715" hits="0" branch="false"/>
            <line number="717" hits="0" branch="true" condition-coverage="0% (0/2)">
              <conditions>
                <condition number="0" type="jump" coverage="0%"/>
              </conditions>
            </line>
            <line number="718" hits="0" branch="true" condition-coverage="0% (0/2)">
              <conditions>
                <condition number="0" type="jump" coverage="0%"/>
              </conditions>
            </line>
            <line number="721" hits="0" branch="true" condition-coverage="0% (0/2)">
              <conditions>
                <condition number="0" type="jump" coverage="0%"/>
              </conditions>
            </line>
            <line number="722" hits="0" branch="true" condition-coverage="0% (0/2)">
              <conditions>
                <condition number="0" type="jump" coverage="0%"/>
              </conditions>
            </line>
            <line number="727" hits="0" branch="false"/>
            <line number="729" hits="0" branch="true" condition-coverage="0% (0/2)">
              <conditions>
                <condition number="0" type="jump" coverage="0%"/>
              </conditions>
            </line>
            <line number="755" hits="0" branch="true" condition-coverage="0% (0/2)">
              <conditions>
                <condition number="0" type="jump" coverage="0%"/>
              </conditions>
            </line>
            <line number="756" hits="0" branch="true" condition-coverage="0% (0/2)">
              <conditions>
                <condition number="0" type="jump" coverage="0%"/>
              </conditions>
            </line>
            <line number="757" hits="0" branch="false"/>
            <line number="759" hits="0" branch="true" condition-coverage="0% (0/2)">
              <conditions>
                <condition number="0" type="jump" coverage="0%"/>
              </conditions>
            </line>
            <line number="760" hits="0" branch="true" condition-coverage="0% (0/6)">
              <conditions>
                <condition number="0" type="jump" coverage="0%"/>
              </conditions>
            </line>
            <line number="764" hits="0" branch="true" condition-coverage="0% (0/2)">
              <conditions>
                <condition number="0" type="jump" coverage="0%"/>
              </conditions>
            </line>
            <line number="765" hits="0" branch="true" condition-coverage="0% (0/2)">
              <conditions>
                <condition number="0" type="jump" coverage="0%"/>
              </conditions>
            </line>
            <line number="768" hits="0" branch="true" condition-coverage="0% (0/2)">
              <conditions>
                <condition number="0" type="jump" coverage="0%"/>
              </conditions>
            </line>
            <line number="769" hits="0" branch="true" condition-coverage="0% (0/2)">
              <conditions>
                <condition number="0" type="jump" coverage="0%"/>
              </conditions>
            </line>
            <line number="774" hits="0" branch="false"/>
            <line number="776" hits="0" branch="true" condition-coverage="0% (0/2)">
              <conditions>
                <condition number="0" type="jump" coverage="0%"/>
              </conditions>
            </line>
            <line number="777" hits="0" branch="true" condition-coverage="0% (0/2)">
              <conditions>
                <condition number="0" type="jump" coverage="0%"/>
              </conditions>
            </line>
            <line number="778" hits="0" branch="false"/>
            <line number="781" hits="0" branch="false"/>
            <line number="815" hits="0" branch="false"/>
            <line number="820" hits="0" branch="false"/>
            <line number="824" hits="0" branch="false"/>
            <line number="853" hits="0" branch="false"/>
            <line number="858" hits="0" branch="false"/>
          </lines>
        </class>
        <class name="tree_h" filename="src/vm/tree.h" line-rate="0.0" branch-rate="0.0" complexity="0.0">
          <methods/>
          <lines>
            <line number="100" hits="0" branch="false"/>
          </lines>
        </class>
      </classes>
    </package>
  </packages>
</coverage>
